<?xml version="1.0" encoding="UTF-8"?>
<!-- Generated by org.testng.reporters.JUnitReportReporter -->
<testsuite ignored="0" hostname="MSI" failures="0" tests="1" name="ng.NewTest" time="3.196" errors="0" timestamp="22 jul. 2023 01:30:51 GMT" skipped="0">
  <testcase classname="ng.NewTest" name="test1" time="3.196"/>
</testsuite> <!-- ng.NewTest -->
